Determining if the pthread_create exist failed with the following output:
Change Dir: /home/cornelius/cpp_repo/graph_search/floyd_warshall_alg/cmake-build-debug/CMakeFiles/CMakeTmp

Run Build Command(s):/usr/bin/make cmTC_36a2f/fast 
/usr/bin/make -f CMakeFiles/cmTC_36a2f.dir/build.make CMakeFiles/cmTC_36a2f.dir/build
make[1]: Entering directory '/home/cornelius/cpp_repo/graph_search/floyd_warshall_alg/cmake-build-debug/CMakeFiles/CMakeTmp'
Building C object CMakeFiles/cmTC_36a2f.dir/CheckSymbolExists.c.o
/usr/bin/cc    -o CMakeFiles/cmTC_36a2f.dir/CheckSymbolExists.c.o   -c /home/cornelius/cpp_repo/graph_search/floyd_warshall_alg/cmake-build-debug/CMakeFiles/CMakeTmp/CheckSymbolExists.c
Linking C executable cmTC_36a2f
/home/cornelius/clion-2019.1/bin/cmake/linux/bin/cmake -E cmake_link_script CMakeFiles/cmTC_36a2f.dir/link.txt --verbose=1
/usr/bin/cc      -rdynamic CMakeFiles/cmTC_36a2f.dir/CheckSymbolExists.c.o  -o cmTC_36a2f 
CMakeFiles/cmTC_36a2f.dir/CheckSymbolExists.c.o: In function `main':
CheckSymbolExists.c:(.text+0x1b): undefined reference to `pthread_create'
collect2: error: ld returned 1 exit status
CMakeFiles/cmTC_36a2f.dir/build.make:86: recipe for target 'cmTC_36a2f' failed
make[1]: *** [cmTC_36a2f] Error 1
make[1]: Leaving directory '/home/cornelius/cpp_repo/graph_search/floyd_warshall_alg/cmake-build-debug/CMakeFiles/CMakeTmp'
Makefile:121: recipe for target 'cmTC_36a2f/fast' failed
make: *** [cmTC_36a2f/fast] Error 2

File /home/cornelius/cpp_repo/graph_search/floyd_warshall_alg/cmake-build-debug/CMakeFiles/CMakeTmp/CheckSymbolExists.c:
/* */
#include <pthread.h>

int main(int argc, char** argv)
{
  (void)argv;
#ifndef pthread_create
  return ((int*)(&pthread_create))[argc];
#else
  (void)argc;
  return 0;
#endif
}

Determining if the function pthread_create exists in the pthreads failed with the following output:
Change Dir: /home/cornelius/cpp_repo/graph_search/floyd_warshall_alg/cmake-build-debug/CMakeFiles/CMakeTmp

Run Build Command(s):/usr/bin/make cmTC_4a998/fast 
/usr/bin/make -f CMakeFiles/cmTC_4a998.dir/build.make CMakeFiles/cmTC_4a998.dir/build
make[1]: Entering directory '/home/cornelius/cpp_repo/graph_search/floyd_warshall_alg/cmake-build-debug/CMakeFiles/CMakeTmp'
Building C object CMakeFiles/cmTC_4a998.dir/CheckFunctionExists.c.o
/usr/bin/cc   -DCHECK_FUNCTION_EXISTS=pthread_create   -o CMakeFiles/cmTC_4a998.dir/CheckFunctionExists.c.o   -c /home/cornelius/clion-2019.1/bin/cmake/linux/share/cmake-3.14/Modules/CheckFunctionExists.c
Linking C executable cmTC_4a998
/home/cornelius/clion-2019.1/bin/cmake/linux/bin/cmake -E cmake_link_script CMakeFiles/cmTC_4a998.dir/link.txt --verbose=1
/usr/bin/cc  -DCHECK_FUNCTION_EXISTS=pthread_create    -rdynamic CMakeFiles/cmTC_4a998.dir/CheckFunctionExists.c.o  -o cmTC_4a998 -lpthreads 
/usr/bin/ld: cannot find -lpthreads
collect2: error: ld returned 1 exit status
CMakeFiles/cmTC_4a998.dir/build.make:86: recipe for target 'cmTC_4a998' failed
make[1]: *** [cmTC_4a998] Error 1
make[1]: Leaving directory '/home/cornelius/cpp_repo/graph_search/floyd_warshall_alg/cmake-build-debug/CMakeFiles/CMakeTmp'
Makefile:121: recipe for target 'cmTC_4a998/fast' failed
make: *** [cmTC_4a998/fast] Error 2


