Determining if the pthread_create exist failed with the following output:
Change Dir: /home/carpenter/software/cpp/graphs/search/breadth_first_search_homemade/cmake-build-debug/CMakeFiles/CMakeTmp

Run Build Command:"/usr/bin/make" "cmTC_ef895/fast"
/usr/bin/make -f CMakeFiles/cmTC_ef895.dir/build.make CMakeFiles/cmTC_ef895.dir/build
make[1]: Entering directory '/home/carpenter/software/cpp/graphs/search/breadth_first_search_homemade/cmake-build-debug/CMakeFiles/CMakeTmp'
Building C object CMakeFiles/cmTC_ef895.dir/CheckSymbolExists.c.o
/usr/bin/cc    -o CMakeFiles/cmTC_ef895.dir/CheckSymbolExists.c.o   -c /home/carpenter/software/cpp/graphs/search/breadth_first_search_homemade/cmake-build-debug/CMakeFiles/CMakeTmp/CheckSymbolExists.c
Linking C executable cmTC_ef895
/home/carpenter/alpha_software/CLion/clion-2018.2.5/bin/cmake/linux/bin/cmake -E cmake_link_script CMakeFiles/cmTC_ef895.dir/link.txt --verbose=1
/usr/bin/cc      -rdynamic CMakeFiles/cmTC_ef895.dir/CheckSymbolExists.c.o  -o cmTC_ef895 
CMakeFiles/cmTC_ef895.dir/CheckSymbolExists.c.o: In function `main':
CheckSymbolExists.c:(.text+0x16): undefined reference to `pthread_create'
collect2: error: ld returned 1 exit status
CMakeFiles/cmTC_ef895.dir/build.make:86: recipe for target 'cmTC_ef895' failed
make[1]: *** [cmTC_ef895] Error 1
make[1]: Leaving directory '/home/carpenter/software/cpp/graphs/search/breadth_first_search_homemade/cmake-build-debug/CMakeFiles/CMakeTmp'
Makefile:121: recipe for target 'cmTC_ef895/fast' failed
make: *** [cmTC_ef895/fast] Error 2

File /home/carpenter/software/cpp/graphs/search/breadth_first_search_homemade/cmake-build-debug/CMakeFiles/CMakeTmp/CheckSymbolExists.c:
/* */
#include <pthread.h>

int main(int argc, char** argv)
{
  (void)argv;
#ifndef pthread_create
  return ((int*)(&pthread_create))[argc];
#else
  (void)argc;
  return 0;
#endif
}

Determining if the function pthread_create exists in the pthreads failed with the following output:
Change Dir: /home/carpenter/software/cpp/graphs/search/breadth_first_search_homemade/cmake-build-debug/CMakeFiles/CMakeTmp

Run Build Command:"/usr/bin/make" "cmTC_ea503/fast"
/usr/bin/make -f CMakeFiles/cmTC_ea503.dir/build.make CMakeFiles/cmTC_ea503.dir/build
make[1]: Entering directory '/home/carpenter/software/cpp/graphs/search/breadth_first_search_homemade/cmake-build-debug/CMakeFiles/CMakeTmp'
Building C object CMakeFiles/cmTC_ea503.dir/CheckFunctionExists.c.o
/usr/bin/cc   -DCHECK_FUNCTION_EXISTS=pthread_create   -o CMakeFiles/cmTC_ea503.dir/CheckFunctionExists.c.o   -c /home/carpenter/alpha_software/CLion/clion-2018.2.5/bin/cmake/linux/share/cmake-3.13/Modules/CheckFunctionExists.c
Linking C executable cmTC_ea503
/home/carpenter/alpha_software/CLion/clion-2018.2.5/bin/cmake/linux/bin/cmake -E cmake_link_script CMakeFiles/cmTC_ea503.dir/link.txt --verbose=1
/usr/bin/cc  -DCHECK_FUNCTION_EXISTS=pthread_create    -rdynamic CMakeFiles/cmTC_ea503.dir/CheckFunctionExists.c.o  -o cmTC_ea503 -lpthreads 
/usr/bin/ld: cannot find -lpthreads
collect2: error: ld returned 1 exit status
CMakeFiles/cmTC_ea503.dir/build.make:86: recipe for target 'cmTC_ea503' failed
make[1]: *** [cmTC_ea503] Error 1
make[1]: Leaving directory '/home/carpenter/software/cpp/graphs/search/breadth_first_search_homemade/cmake-build-debug/CMakeFiles/CMakeTmp'
Makefile:121: recipe for target 'cmTC_ea503/fast' failed
make: *** [cmTC_ea503/fast] Error 2


